<?xml version="1.0" encoding="UTF-8"?>
<!-- Generated by org.testng.reporters.JUnitReportReporter -->
<testsuite hostname="ghosh-PC" name="script.Hvvbkjvjhg" tests="1" failures="0" timestamp="16 Nov 2014 01:04:25 GMT" time="6.065" errors="0">
  <testcase name="main" time="6.065" classname="script.Hvvbkjvjhg"/>
</testsuite> <!-- script.Hvvbkjvjhg -->
