<?xml version="1.0" encoding="UTF-8"?>
<!-- Generated by org.testng.reporters.JUnitReportReporter -->
<testsuite hostname="ghosh-PC" name="script.SmokeTest" tests="1" failures="0" timestamp="16 Nov 2014 00:49:08 GMT" time="8.657" errors="0">
  <testcase name="main" time="8.657" classname="script.SmokeTest"/>
</testsuite> <!-- script.SmokeTest -->
