<?xml version="1.0" encoding="UTF-8"?>
<!-- Generated by org.testng.reporters.JUnitReportReporter -->
<testsuite hostname="ghosh-PC" name="script.HvvbkjvjhgTest" tests="1" failures="0" timestamp="16 Nov 2014 01:19:57 GMT" time="1.467" errors="0">
  <testcase name="main" time="1.467" classname="script.HvvbkjvjhgTest"/>
</testsuite>
