<?xml version="1.0" encoding="UTF-8"?>
<!-- Generated by org.testng.reporters.JUnitReportReporter -->
<testsuite hostname="ghosh-PC" name="script.SmokeTest" tests="1" failures="0" timestamp="20 Nov 2014 01:11:52 GMT" time="0.000" errors="0">
  <testcase name="main" time="0.000" classname="script.SmokeTest"/>
</testsuite>
